

Started GET "/" for 127.0.0.1 at 2014-09-23 06:35:09 +0545
Processing by Rails::WelcomeController#index as HTML
  Rendered /home/bishisht/.rvm/gems/ruby-2.1.2/gems/railties-4.1.1/lib/rails/templates/rails/welcome/index.html.erb (2.3ms)
Completed 200 OK in 61ms (Views: 44.6ms | ActiveRecord: 0.0ms)


Started GET "/" for 127.0.0.1 at 2014-09-23 06:36:08 +0545
Processing by Rails::WelcomeController#index as HTML
  Rendered /home/bishisht/.rvm/gems/ruby-2.1.2/gems/railties-4.1.1/lib/rails/templates/rails/welcome/index.html.erb (2.1ms)
Completed 200 OK in 22ms (Views: 7.9ms | ActiveRecord: 0.0ms)


Started GET "/" for 127.0.0.1 at 2014-09-23 06:36:24 +0545
Processing by SiteController#home as HTML
  Rendered site/home.html.erb within layouts/application (0.4ms)
Completed 500 Internal Server Error in 5142ms

ActionView::Template::Error (/home/bishisht/work/assembly/visitmee/app/assets/stylesheets/application.css has already been required):
    2: <html>
    3: <head>
    4:   <title>Visitmee</title>
    5:   <%= stylesheet_link_tag    'application', media: 'all', 'data-turbolinks-track' => true %>
    6:   <%= javascript_include_tag 'application', 'data-turbolinks-track' => true %>
    7:   <%= csrf_meta_tags %>
    8: </head>
  app/views/layouts/application.html.erb:5:in `_app_views_layouts_application_html_erb___828054088__621448498'


  Rendered /home/bishisht/.rvm/gems/ruby-2.1.2/gems/actionpack-4.1.1/lib/action_dispatch/middleware/templates/rescues/_trace.html.erb (2.3ms)
  Rendered /home/bishisht/.rvm/gems/ruby-2.1.2/gems/actionpack-4.1.1/lib/action_dispatch/middleware/templates/rescues/_request_and_response.html.erb (1.5ms)
  Rendered /home/bishisht/.rvm/gems/ruby-2.1.2/gems/actionpack-4.1.1/lib/action_dispatch/middleware/templates/rescues/template_error.html.erb within rescues/layout (18.7ms)


Started GET "/" for 127.0.0.1 at 2014-09-23 06:37:39 +0545
Processing by SiteController#home as HTML
  Rendered site/home.html.erb within layouts/application (0.2ms)
Completed 500 Internal Server Error in 3254ms

ActionView::Template::Error (/home/bishisht/work/assembly/visitmee/app/assets/stylesheets/application.css has already been required):
    2: <html>
    3: <head>
    4:   <title>Visitmee</title>
    5:   <%= stylesheet_link_tag    'application', media: 'all', 'data-turbolinks-track' => true %>
    6:   <%= javascript_include_tag 'application', 'data-turbolinks-track' => true %>
    7:   <%= csrf_meta_tags %>
    8: </head>
  app/views/layouts/application.html.erb:5:in `_app_views_layouts_application_html_erb___828054088__621448498'


  Rendered /home/bishisht/.rvm/gems/ruby-2.1.2/gems/actionpack-4.1.1/lib/action_dispatch/middleware/templates/rescues/_trace.html.erb (2.5ms)
  Rendered /home/bishisht/.rvm/gems/ruby-2.1.2/gems/actionpack-4.1.1/lib/action_dispatch/middleware/templates/rescues/_request_and_response.html.erb (1.5ms)
  Rendered /home/bishisht/.rvm/gems/ruby-2.1.2/gems/actionpack-4.1.1/lib/action_dispatch/middleware/templates/rescues/template_error.html.erb within rescues/layout (17.2ms)


Started GET "/" for 127.0.0.1 at 2014-09-23 06:37:48 +0545
Processing by SiteController#home as HTML
  Rendered site/home.html.erb within layouts/application (1.4ms)
Completed 500 Internal Server Error in 3218ms

ActionView::Template::Error (/home/bishisht/work/assembly/visitmee/app/assets/stylesheets/application.css has already been required):
    2: <html>
    3: <head>
    4:   <title>Visitmee</title>
    5:   <%= stylesheet_link_tag    'application', media: 'all', 'data-turbolinks-track' => true %>
    6:   <%= javascript_include_tag 'application', 'data-turbolinks-track' => true %>
    7:   <%= csrf_meta_tags %>
    8: </head>
  app/views/layouts/application.html.erb:5:in `_app_views_layouts_application_html_erb___271374386__620938818'


  Rendered /home/bishisht/.rvm/gems/ruby-2.1.2/gems/actionpack-4.1.1/lib/action_dispatch/middleware/templates/rescues/_trace.html.erb (2.4ms)
  Rendered /home/bishisht/.rvm/gems/ruby-2.1.2/gems/actionpack-4.1.1/lib/action_dispatch/middleware/templates/rescues/_request_and_response.html.erb (1.5ms)
  Rendered /home/bishisht/.rvm/gems/ruby-2.1.2/gems/actionpack-4.1.1/lib/action_dispatch/middleware/templates/rescues/template_error.html.erb within rescues/layout (17.7ms)


Started GET "/" for 127.0.0.1 at 2014-09-23 06:38:47 +0545
Processing by SiteController#home as HTML
  Rendered site/home.html.erb within layouts/application (1.4ms)
Completed 500 Internal Server Error in 1150ms

ActionView::Template::Error (/home/bishisht/work/assembly/visitmee/app/assets/stylesheets/application.css has already been required):
    2: <html>
    3: <head>
    4:   <title>Visitmee</title>
    5:   <%= stylesheet_link_tag    'bootstrap', 'application', media: 'all', 'data-turbolinks-track' => true %>
    6:   <%= javascript_include_tag 'application', 'data-turbolinks-track' => true %>
    7:   <%= csrf_meta_tags %>
    8: </head>
  app/views/layouts/application.html.erb:5:in `_app_views_layouts_application_html_erb__1026537124__620938838'


  Rendered /home/bishisht/.rvm/gems/ruby-2.1.2/gems/actionpack-4.1.1/lib/action_dispatch/middleware/templates/rescues/_trace.html.erb (2.3ms)
  Rendered /home/bishisht/.rvm/gems/ruby-2.1.2/gems/actionpack-4.1.1/lib/action_dispatch/middleware/templates/rescues/_request_and_response.html.erb (1.5ms)
  Rendered /home/bishisht/.rvm/gems/ruby-2.1.2/gems/actionpack-4.1.1/lib/action_dispatch/middleware/templates/rescues/template_error.html.erb within rescues/layout (16.9ms)


Started GET "/" for 127.0.0.1 at 2014-09-23 06:39:07 +0545
Processing by SiteController#home as HTML
  Rendered site/home.html.erb within layouts/application (0.1ms)
Completed 200 OK in 1180ms (Views: 1178.5ms | ActiveRecord: 0.0ms)


Started GET "/stylesheets/bootstrap.css" for 127.0.0.1 at 2014-09-23 06:39:08 +0545

ActionController::RoutingError (No route matches [GET] "/stylesheets/bootstrap.css"):
  actionpack (4.1.1) lib/action_dispatch/middleware/debug_exceptions.rb:21:in `call'
  actionpack (4.1.1) lib/action_dispatch/middleware/show_exceptions.rb:30:in `call'
  railties (4.1.1) lib/rails/rack/logger.rb:38:in `call_app'
  railties (4.1.1) lib/rails/rack/logger.rb:20:in `block in call'
  activesupport (4.1.1) lib/active_support/tagged_logging.rb:68:in `block in tagged'
  activesupport (4.1.1) lib/active_support/tagged_logging.rb:26:in `tagged'
  activesupport (4.1.1) lib/active_support/tagged_logging.rb:68:in `tagged'
  railties (4.1.1) lib/rails/rack/logger.rb:20:in `call'
  actionpack (4.1.1) lib/action_dispatch/middleware/request_id.rb:21:in `call'
  rack (1.5.2) lib/rack/methodoverride.rb:21:in `call'
  rack (1.5.2) lib/rack/runtime.rb:17:in `call'
  activesupport (4.1.1) lib/active_support/cache/strategy/local_cache_middleware.rb:26:in `call'
  rack (1.5.2) lib/rack/lock.rb:17:in `call'
  actionpack (4.1.1) lib/action_dispatch/middleware/static.rb:64:in `call'
  rack (1.5.2) lib/rack/sendfile.rb:112:in `call'
  railties (4.1.1) lib/rails/engine.rb:514:in `call'
  railties (4.1.1) lib/rails/application.rb:144:in `call'
  rack (1.5.2) lib/rack/lock.rb:17:in `call'
  rack (1.5.2) lib/rack/content_length.rb:14:in `call'
  rack (1.5.2) lib/rack/handler/webrick.rb:60:in `service'
  /home/bishisht/.rvm/rubies/ruby-2.1.2/lib/ruby/2.1.0/webrick/httpserver.rb:138:in `service'
  /home/bishisht/.rvm/rubies/ruby-2.1.2/lib/ruby/2.1.0/webrick/httpserver.rb:94:in `run'
  /home/bishisht/.rvm/rubies/ruby-2.1.2/lib/ruby/2.1.0/webrick/server.rb:295:in `block in start_thread'


  Rendered /home/bishisht/.rvm/gems/ruby-2.1.2/gems/actionpack-4.1.1/lib/action_dispatch/middleware/templates/rescues/_trace.html.erb (2.5ms)
  Rendered /home/bishisht/.rvm/gems/ruby-2.1.2/gems/actionpack-4.1.1/lib/action_dispatch/middleware/templates/routes/_route.html.erb (1.6ms)
  Rendered /home/bishisht/.rvm/gems/ruby-2.1.2/gems/actionpack-4.1.1/lib/action_dispatch/middleware/templates/routes/_table.html.erb (37.0ms)
  Rendered /home/bishisht/.rvm/gems/ruby-2.1.2/gems/actionpack-4.1.1/lib/action_dispatch/middleware/templates/rescues/routing_error.html.erb within rescues/layout (290.7ms)


Started GET "/assets/jquery_ujs.js?body=1" for 127.0.0.1 at 2014-09-23 06:39:09 +0545


Started GET "/assets/site.js?body=1" for 127.0.0.1 at 2014-09-23 06:39:09 +0545


Started GET "/assets/jquery.js?body=1" for 127.0.0.1 at 2014-09-23 06:39:09 +0545


Started GET "/assets/turbolinks.js?body=1" for 127.0.0.1 at 2014-09-23 06:39:09 +0545


Started GET "/assets/bootstrap/affix.js?body=1" for 127.0.0.1 at 2014-09-23 06:39:09 +0545


Started GET "/assets/bootstrap/alert.js?body=1" for 127.0.0.1 at 2014-09-23 06:39:09 +0545


Started GET "/assets/bootstrap/carousel.js?body=1" for 127.0.0.1 at 2014-09-23 06:39:09 +0545


Started GET "/assets/bootstrap/button.js?body=1" for 127.0.0.1 at 2014-09-23 06:39:09 +0545


Started GET "/assets/bootstrap/collapse.js?body=1" for 127.0.0.1 at 2014-09-23 06:39:09 +0545


Started GET "/assets/bootstrap/tab.js?body=1" for 127.0.0.1 at 2014-09-23 06:39:09 +0545


Started GET "/assets/bootstrap/dropdown.js?body=1" for 127.0.0.1 at 2014-09-23 06:39:09 +0545


Started GET "/assets/bootstrap/transition.js?body=1" for 127.0.0.1 at 2014-09-23 06:39:09 +0545


Started GET "/assets/bootstrap/modal.js?body=1" for 127.0.0.1 at 2014-09-23 06:39:09 +0545


Started GET "/assets/bootstrap/scrollspy.js?body=1" for 127.0.0.1 at 2014-09-23 06:39:09 +0545


Started GET "/assets/bootstrap/tooltip.js?body=1" for 127.0.0.1 at 2014-09-23 06:39:09 +0545


Started GET "/assets/bootstrap-sprockets.js?body=1" for 127.0.0.1 at 2014-09-23 06:39:09 +0545


Started GET "/assets/bootstrap/popover.js?body=1" for 127.0.0.1 at 2014-09-23 06:39:09 +0545


Started GET "/assets/application.js?body=1" for 127.0.0.1 at 2014-09-23 06:39:09 +0545


Started GET "/" for 127.0.0.1 at 2014-09-23 06:39:23 +0545
Processing by SiteController#home as HTML
  Rendered site/home.html.erb within layouts/application (0.1ms)
Completed 500 Internal Server Error in 1064ms

ActionView::Template::Error (/home/bishisht/work/assembly/visitmee/app/assets/stylesheets/application.css has already been required):
    2: <html>
    3: <head>
    4:   <title>Visitmee</title>
    5:   <%= stylesheet_link_tag    'application', media: 'all', 'data-turbolinks-track' => true %>
    6:   <%= javascript_include_tag 'application', 'data-turbolinks-track' => true %>
    7:   <%= csrf_meta_tags %>
    8: </head>
  app/views/layouts/application.html.erb:5:in `_app_views_layouts_application_html_erb__1026537124_93555340'


  Rendered /home/bishisht/.rvm/gems/ruby-2.1.2/gems/actionpack-4.1.1/lib/action_dispatch/middleware/templates/rescues/_trace.html.erb (2.5ms)
  Rendered /home/bishisht/.rvm/gems/ruby-2.1.2/gems/actionpack-4.1.1/lib/action_dispatch/middleware/templates/rescues/_request_and_response.html.erb (1.6ms)
  Rendered /home/bishisht/.rvm/gems/ruby-2.1.2/gems/actionpack-4.1.1/lib/action_dispatch/middleware/templates/rescues/template_error.html.erb within rescues/layout (17.1ms)


Started GET "/" for 127.0.0.1 at 2014-09-23 06:40:07 +0545
Processing by SiteController#home as HTML
  Rendered site/home.html.erb within layouts/application (0.1ms)
Completed 200 OK in 189ms (Views: 188.1ms | ActiveRecord: 0.0ms)


Started GET "/stylesheets/bootstrap.css" for 127.0.0.1 at 2014-09-23 06:40:07 +0545

ActionController::RoutingError (No route matches [GET] "/stylesheets/bootstrap.css"):
  actionpack (4.1.1) lib/action_dispatch/middleware/debug_exceptions.rb:21:in `call'
  actionpack (4.1.1) lib/action_dispatch/middleware/show_exceptions.rb:30:in `call'
  railties (4.1.1) lib/rails/rack/logger.rb:38:in `call_app'
  railties (4.1.1) lib/rails/rack/logger.rb:20:in `block in call'
  activesupport (4.1.1) lib/active_support/tagged_logging.rb:68:in `block in tagged'
  activesupport (4.1.1) lib/active_support/tagged_logging.rb:26:in `tagged'
  activesupport (4.1.1) lib/active_support/tagged_logging.rb:68:in `tagged'
  railties (4.1.1) lib/rails/rack/logger.rb:20:in `call'
  actionpack (4.1.1) lib/action_dispatch/middleware/request_id.rb:21:in `call'
  rack (1.5.2) lib/rack/methodoverride.rb:21:in `call'
  rack (1.5.2) lib/rack/runtime.rb:17:in `call'
  activesupport (4.1.1) lib/active_support/cache/strategy/local_cache_middleware.rb:26:in `call'
  rack (1.5.2) lib/rack/lock.rb:17:in `call'
  actionpack (4.1.1) lib/action_dispatch/middleware/static.rb:64:in `call'
  rack (1.5.2) lib/rack/sendfile.rb:112:in `call'
  railties (4.1.1) lib/rails/engine.rb:514:in `call'
  railties (4.1.1) lib/rails/application.rb:144:in `call'
  rack (1.5.2) lib/rack/lock.rb:17:in `call'
  rack (1.5.2) lib/rack/content_length.rb:14:in `call'
  rack (1.5.2) lib/rack/handler/webrick.rb:60:in `service'
  /home/bishisht/.rvm/rubies/ruby-2.1.2/lib/ruby/2.1.0/webrick/httpserver.rb:138:in `service'
  /home/bishisht/.rvm/rubies/ruby-2.1.2/lib/ruby/2.1.0/webrick/httpserver.rb:94:in `run'
  /home/bishisht/.rvm/rubies/ruby-2.1.2/lib/ruby/2.1.0/webrick/server.rb:295:in `block in start_thread'


  Rendered /home/bishisht/.rvm/gems/ruby-2.1.2/gems/actionpack-4.1.1/lib/action_dispatch/middleware/templates/rescues/_trace.html.erb (2.2ms)
  Rendered /home/bishisht/.rvm/gems/ruby-2.1.2/gems/actionpack-4.1.1/lib/action_dispatch/middleware/templates/routes/_route.html.erb (2.6ms)
  Rendered /home/bishisht/.rvm/gems/ruby-2.1.2/gems/actionpack-4.1.1/lib/action_dispatch/middleware/templates/routes/_table.html.erb (2.7ms)
  Rendered /home/bishisht/.rvm/gems/ruby-2.1.2/gems/actionpack-4.1.1/lib/action_dispatch/middleware/templates/rescues/routing_error.html.erb within rescues/layout (35.9ms)


Started GET "/assets/jquery.js?body=1" for 127.0.0.1 at 2014-09-23 06:40:07 +0545


Started GET "/assets/turbolinks.js?body=1" for 127.0.0.1 at 2014-09-23 06:40:07 +0545


Started GET "/assets/bootstrap/affix.js?body=1" for 127.0.0.1 at 2014-09-23 06:40:07 +0545


Started GET "/assets/jquery_ujs.js?body=1" for 127.0.0.1 at 2014-09-23 06:40:07 +0545


Started GET "/assets/site.js?body=1" for 127.0.0.1 at 2014-09-23 06:40:07 +0545


Started GET "/assets/bootstrap/alert.js?body=1" for 127.0.0.1 at 2014-09-23 06:40:07 +0545


Started GET "/assets/bootstrap/button.js?body=1" for 127.0.0.1 at 2014-09-23 06:40:07 +0545


Started GET "/assets/bootstrap/carousel.js?body=1" for 127.0.0.1 at 2014-09-23 06:40:07 +0545


Started GET "/assets/bootstrap/collapse.js?body=1" for 127.0.0.1 at 2014-09-23 06:40:07 +0545


Started GET "/assets/bootstrap/dropdown.js?body=1" for 127.0.0.1 at 2014-09-23 06:40:07 +0545


Started GET "/assets/bootstrap/tab.js?body=1" for 127.0.0.1 at 2014-09-23 06:40:07 +0545


Started GET "/assets/bootstrap/transition.js?body=1" for 127.0.0.1 at 2014-09-23 06:40:07 +0545


Started GET "/assets/bootstrap/scrollspy.js?body=1" for 127.0.0.1 at 2014-09-23 06:40:07 +0545


Started GET "/assets/bootstrap/modal.js?body=1" for 127.0.0.1 at 2014-09-23 06:40:07 +0545


Started GET "/assets/bootstrap/tooltip.js?body=1" for 127.0.0.1 at 2014-09-23 06:40:07 +0545


Started GET "/assets/bootstrap/popover.js?body=1" for 127.0.0.1 at 2014-09-23 06:40:07 +0545


Started GET "/assets/bootstrap-sprockets.js?body=1" for 127.0.0.1 at 2014-09-23 06:40:07 +0545


Started GET "/assets/application.js?body=1" for 127.0.0.1 at 2014-09-23 06:40:07 +0545


Started GET "/" for 127.0.0.1 at 2014-09-23 06:40:18 +0545
Processing by SiteController#home as HTML
  Rendered site/home.html.erb within layouts/application (0.1ms)
Completed 200 OK in 182ms (Views: 181.0ms | ActiveRecord: 0.0ms)


Started GET "/assets/jquery.js?body=1" for 127.0.0.1 at 2014-09-23 06:40:19 +0545


Started GET "/stylesheets/bootstrap.css" for 127.0.0.1 at 2014-09-23 06:40:19 +0545

ActionController::RoutingError (No route matches [GET] "/stylesheets/bootstrap.css"):
  actionpack (4.1.1) lib/action_dispatch/middleware/debug_exceptions.rb:21:in `call'
  actionpack (4.1.1) lib/action_dispatch/middleware/show_exceptions.rb:30:in `call'
  railties (4.1.1) lib/rails/rack/logger.rb:38:in `call_app'
  railties (4.1.1) lib/rails/rack/logger.rb:20:in `block in call'
  activesupport (4.1.1) lib/active_support/tagged_logging.rb:68:in `block in tagged'
  activesupport (4.1.1) lib/active_support/tagged_logging.rb:26:in `tagged'
  activesupport (4.1.1) lib/active_support/tagged_logging.rb:68:in `tagged'
  railties (4.1.1) lib/rails/rack/logger.rb:20:in `call'
  actionpack (4.1.1) lib/action_dispatch/middleware/request_id.rb:21:in `call'
  rack (1.5.2) lib/rack/methodoverride.rb:21:in `call'
  rack (1.5.2) lib/rack/runtime.rb:17:in `call'
  activesupport (4.1.1) lib/active_support/cache/strategy/local_cache_middleware.rb:26:in `call'
  rack (1.5.2) lib/rack/lock.rb:17:in `call'
  actionpack (4.1.1) lib/action_dispatch/middleware/static.rb:64:in `call'
  rack (1.5.2) lib/rack/sendfile.rb:112:in `call'
  railties (4.1.1) lib/rails/engine.rb:514:in `call'
  railties (4.1.1) lib/rails/application.rb:144:in `call'
  rack (1.5.2) lib/rack/lock.rb:17:in `call'
  rack (1.5.2) lib/rack/content_length.rb:14:in `call'
  rack (1.5.2) lib/rack/handler/webrick.rb:60:in `service'
  /home/bishisht/.rvm/rubies/ruby-2.1.2/lib/ruby/2.1.0/webrick/httpserver.rb:138:in `service'
  /home/bishisht/.rvm/rubies/ruby-2.1.2/lib/ruby/2.1.0/webrick/httpserver.rb:94:in `run'
  /home/bishisht/.rvm/rubies/ruby-2.1.2/lib/ruby/2.1.0/webrick/server.rb:295:in `block in start_thread'


  Rendered /home/bishisht/.rvm/gems/ruby-2.1.2/gems/actionpack-4.1.1/lib/action_dispatch/middleware/templates/rescues/_trace.html.erb (1.8ms)
  Rendered /home/bishisht/.rvm/gems/ruby-2.1.2/gems/actionpack-4.1.1/lib/action_dispatch/middleware/templates/routes/_route.html.erb (1.4ms)
  Rendered /home/bishisht/.rvm/gems/ruby-2.1.2/gems/actionpack-4.1.1/lib/action_dispatch/middleware/templates/routes/_table.html.erb (1.7ms)
  Rendered /home/bishisht/.rvm/gems/ruby-2.1.2/gems/actionpack-4.1.1/lib/action_dispatch/middleware/templates/rescues/routing_error.html.erb within rescues/layout (23.4ms)


Started GET "/assets/turbolinks.js?body=1" for 127.0.0.1 at 2014-09-23 06:40:19 +0545


Started GET "/assets/jquery_ujs.js?body=1" for 127.0.0.1 at 2014-09-23 06:40:19 +0545


Started GET "/assets/site.js?body=1" for 127.0.0.1 at 2014-09-23 06:40:19 +0545


Started GET "/assets/bootstrap/alert.js?body=1" for 127.0.0.1 at 2014-09-23 06:40:19 +0545


Started GET "/assets/bootstrap/affix.js?body=1" for 127.0.0.1 at 2014-09-23 06:40:19 +0545


Started GET "/assets/bootstrap/button.js?body=1" for 127.0.0.1 at 2014-09-23 06:40:19 +0545


Started GET "/assets/bootstrap/dropdown.js?body=1" for 127.0.0.1 at 2014-09-23 06:40:19 +0545


Started GET "/assets/bootstrap/carousel.js?body=1" for 127.0.0.1 at 2014-09-23 06:40:19 +0545


Started GET "/assets/bootstrap/collapse.js?body=1" for 127.0.0.1 at 2014-09-23 06:40:19 +0545


Started GET "/assets/bootstrap/scrollspy.js?body=1" for 127.0.0.1 at 2014-09-23 06:40:19 +0545


Started GET "/assets/bootstrap/transition.js?body=1" for 127.0.0.1 at 2014-09-23 06:40:19 +0545


Started GET "/assets/bootstrap/tab.js?body=1" for 127.0.0.1 at 2014-09-23 06:40:19 +0545


Started GET "/assets/bootstrap/popover.js?body=1" for 127.0.0.1 at 2014-09-23 06:40:19 +0545


Started GET "/assets/bootstrap/tooltip.js?body=1" for 127.0.0.1 at 2014-09-23 06:40:19 +0545


Started GET "/assets/bootstrap/modal.js?body=1" for 127.0.0.1 at 2014-09-23 06:40:19 +0545


Started GET "/assets/application.js?body=1" for 127.0.0.1 at 2014-09-23 06:40:19 +0545


Started GET "/assets/bootstrap-sprockets.js?body=1" for 127.0.0.1 at 2014-09-23 06:40:19 +0545


Started GET "/" for 127.0.0.1 at 2014-09-23 06:41:02 +0545
Processing by SiteController#home as HTML
  Rendered site/home.html.erb within layouts/application (0.8ms)
Completed 200 OK in 179ms (Views: 178.2ms | ActiveRecord: 0.0ms)


Started GET "/stylesheets/bootstrap.css" for 127.0.0.1 at 2014-09-23 06:41:03 +0545

ActionController::RoutingError (No route matches [GET] "/stylesheets/bootstrap.css"):
  actionpack (4.1.1) lib/action_dispatch/middleware/debug_exceptions.rb:21:in `call'
  actionpack (4.1.1) lib/action_dispatch/middleware/show_exceptions.rb:30:in `call'
  railties (4.1.1) lib/rails/rack/logger.rb:38:in `call_app'
  railties (4.1.1) lib/rails/rack/logger.rb:20:in `block in call'
  activesupport (4.1.1) lib/active_support/tagged_logging.rb:68:in `block in tagged'
  activesupport (4.1.1) lib/active_support/tagged_logging.rb:26:in `tagged'
  activesupport (4.1.1) lib/active_support/tagged_logging.rb:68:in `tagged'
  railties (4.1.1) lib/rails/rack/logger.rb:20:in `call'
  actionpack (4.1.1) lib/action_dispatch/middleware/request_id.rb:21:in `call'
  rack (1.5.2) lib/rack/methodoverride.rb:21:in `call'
  rack (1.5.2) lib/rack/runtime.rb:17:in `call'
  activesupport (4.1.1) lib/active_support/cache/strategy/local_cache_middleware.rb:26:in `call'
  rack (1.5.2) lib/rack/lock.rb:17:in `call'
  actionpack (4.1.1) lib/action_dispatch/middleware/static.rb:64:in `call'
  rack (1.5.2) lib/rack/sendfile.rb:112:in `call'
  railties (4.1.1) lib/rails/engine.rb:514:in `call'
  railties (4.1.1) lib/rails/application.rb:144:in `call'
  rack (1.5.2) lib/rack/lock.rb:17:in `call'
  rack (1.5.2) lib/rack/content_length.rb:14:in `call'
  rack (1.5.2) lib/rack/handler/webrick.rb:60:in `service'
  /home/bishisht/.rvm/rubies/ruby-2.1.2/lib/ruby/2.1.0/webrick/httpserver.rb:138:in `service'
  /home/bishisht/.rvm/rubies/ruby-2.1.2/lib/ruby/2.1.0/webrick/httpserver.rb:94:in `run'
  /home/bishisht/.rvm/rubies/ruby-2.1.2/lib/ruby/2.1.0/webrick/server.rb:295:in `block in start_thread'


  Rendered /home/bishisht/.rvm/gems/ruby-2.1.2/gems/actionpack-4.1.1/lib/action_dispatch/middleware/templates/rescues/_trace.html.erb (2.3ms)
  Rendered /home/bishisht/.rvm/gems/ruby-2.1.2/gems/actionpack-4.1.1/lib/action_dispatch/middleware/templates/routes/_route.html.erb (1.5ms)
  Rendered /home/bishisht/.rvm/gems/ruby-2.1.2/gems/actionpack-4.1.1/lib/action_dispatch/middleware/templates/routes/_table.html.erb (1.8ms)
  Rendered /home/bishisht/.rvm/gems/ruby-2.1.2/gems/actionpack-4.1.1/lib/action_dispatch/middleware/templates/rescues/routing_error.html.erb within rescues/layout (25.8ms)


Started GET "/assets/jquery.js?body=1" for 127.0.0.1 at 2014-09-23 06:41:03 +0545


Started GET "/assets/turbolinks.js?body=1" for 127.0.0.1 at 2014-09-23 06:41:03 +0545


Started GET "/assets/bootstrap/affix.js?body=1" for 127.0.0.1 at 2014-09-23 06:41:03 +0545


Started GET "/assets/jquery_ujs.js?body=1" for 127.0.0.1 at 2014-09-23 06:41:03 +0545


Started GET "/assets/site.js?body=1" for 127.0.0.1 at 2014-09-23 06:41:03 +0545


Started GET "/assets/bootstrap/button.js?body=1" for 127.0.0.1 at 2014-09-23 06:41:03 +0545


Started GET "/assets/bootstrap/alert.js?body=1" for 127.0.0.1 at 2014-09-23 06:41:03 +0545


Started GET "/assets/bootstrap/carousel.js?body=1" for 127.0.0.1 at 2014-09-23 06:41:03 +0545


Started GET "/assets/bootstrap/dropdown.js?body=1" for 127.0.0.1 at 2014-09-23 06:41:03 +0545


Started GET "/assets/bootstrap/tab.js?body=1" for 127.0.0.1 at 2014-09-23 06:41:03 +0545


Started GET "/assets/bootstrap/collapse.js?body=1" for 127.0.0.1 at 2014-09-23 06:41:03 +0545


Started GET "/assets/bootstrap/scrollspy.js?body=1" for 127.0.0.1 at 2014-09-23 06:41:03 +0545


Started GET "/assets/bootstrap/modal.js?body=1" for 127.0.0.1 at 2014-09-23 06:41:03 +0545


Started GET "/assets/bootstrap/transition.js?body=1" for 127.0.0.1 at 2014-09-23 06:41:03 +0545


Started GET "/assets/bootstrap/popover.js?body=1" for 127.0.0.1 at 2014-09-23 06:41:03 +0545


Started GET "/assets/bootstrap-sprockets.js?body=1" for 127.0.0.1 at 2014-09-23 06:41:03 +0545


Started GET "/assets/bootstrap/tooltip.js?body=1" for 127.0.0.1 at 2014-09-23 06:41:03 +0545


Started GET "/assets/application.js?body=1" for 127.0.0.1 at 2014-09-23 06:41:03 +0545


Started GET "/" for 127.0.0.1 at 2014-09-23 06:41:10 +0545
Processing by SiteController#home as HTML
  Rendered site/home.html.erb within layouts/application (0.7ms)
Completed 200 OK in 192ms (Views: 190.9ms | ActiveRecord: 0.0ms)


Started GET "/stylesheets/bootstrap.css" for 127.0.0.1 at 2014-09-23 06:41:10 +0545

ActionController::RoutingError (No route matches [GET] "/stylesheets/bootstrap.css"):
  actionpack (4.1.1) lib/action_dispatch/middleware/debug_exceptions.rb:21:in `call'
  actionpack (4.1.1) lib/action_dispatch/middleware/show_exceptions.rb:30:in `call'
  railties (4.1.1) lib/rails/rack/logger.rb:38:in `call_app'
  railties (4.1.1) lib/rails/rack/logger.rb:20:in `block in call'
  activesupport (4.1.1) lib/active_support/tagged_logging.rb:68:in `block in tagged'
  activesupport (4.1.1) lib/active_support/tagged_logging.rb:26:in `tagged'
  activesupport (4.1.1) lib/active_support/tagged_logging.rb:68:in `tagged'
  railties (4.1.1) lib/rails/rack/logger.rb:20:in `call'
  actionpack (4.1.1) lib/action_dispatch/middleware/request_id.rb:21:in `call'
  rack (1.5.2) lib/rack/methodoverride.rb:21:in `call'
  rack (1.5.2) lib/rack/runtime.rb:17:in `call'
  activesupport (4.1.1) lib/active_support/cache/strategy/local_cache_middleware.rb:26:in `call'
  rack (1.5.2) lib/rack/lock.rb:17:in `call'
  actionpack (4.1.1) lib/action_dispatch/middleware/static.rb:64:in `call'
  rack (1.5.2) lib/rack/sendfile.rb:112:in `call'
  railties (4.1.1) lib/rails/engine.rb:514:in `call'
  railties (4.1.1) lib/rails/application.rb:144:in `call'
  rack (1.5.2) lib/rack/lock.rb:17:in `call'
  rack (1.5.2) lib/rack/content_length.rb:14:in `call'
  rack (1.5.2) lib/rack/handler/webrick.rb:60:in `service'
  /home/bishisht/.rvm/rubies/ruby-2.1.2/lib/ruby/2.1.0/webrick/httpserver.rb:138:in `service'
  /home/bishisht/.rvm/rubies/ruby-2.1.2/lib/ruby/2.1.0/webrick/httpserver.rb:94:in `run'
  /home/bishisht/.rvm/rubies/ruby-2.1.2/lib/ruby/2.1.0/webrick/server.rb:295:in `block in start_thread'


  Rendered /home/bishisht/.rvm/gems/ruby-2.1.2/gems/actionpack-4.1.1/lib/action_dispatch/middleware/templates/rescues/_trace.html.erb (2.0ms)
  Rendered /home/bishisht/.rvm/gems/ruby-2.1.2/gems/actionpack-4.1.1/lib/action_dispatch/middleware/templates/routes/_route.html.erb (1.5ms)
  Rendered /home/bishisht/.rvm/gems/ruby-2.1.2/gems/actionpack-4.1.1/lib/action_dispatch/middleware/templates/routes/_table.html.erb (1.8ms)
  Rendered /home/bishisht/.rvm/gems/ruby-2.1.2/gems/actionpack-4.1.1/lib/action_dispatch/middleware/templates/rescues/routing_error.html.erb within rescues/layout (25.6ms)


Started GET "/assets/jquery.js?body=1" for 127.0.0.1 at 2014-09-23 06:41:10 +0545


Started GET "/assets/turbolinks.js?body=1" for 127.0.0.1 at 2014-09-23 06:41:10 +0545


Started GET "/assets/jquery_ujs.js?body=1" for 127.0.0.1 at 2014-09-23 06:41:10 +0545


Started GET "/assets/site.js?body=1" for 127.0.0.1 at 2014-09-23 06:41:10 +0545


Started GET "/assets/bootstrap/alert.js?body=1" for 127.0.0.1 at 2014-09-23 06:41:10 +0545


Started GET "/assets/bootstrap/affix.js?body=1" for 127.0.0.1 at 2014-09-23 06:41:10 +0545


Started GET "/assets/bootstrap/button.js?body=1" for 127.0.0.1 at 2014-09-23 06:41:10 +0545


Started GET "/assets/bootstrap/collapse.js?body=1" for 127.0.0.1 at 2014-09-23 06:41:10 +0545


Started GET "/assets/bootstrap/carousel.js?body=1" for 127.0.0.1 at 2014-09-23 06:41:10 +0545


Started GET "/assets/bootstrap/dropdown.js?body=1" for 127.0.0.1 at 2014-09-23 06:41:10 +0545


Started GET "/assets/bootstrap/transition.js?body=1" for 127.0.0.1 at 2014-09-23 06:41:10 +0545


Started GET "/assets/bootstrap/tab.js?body=1" for 127.0.0.1 at 2014-09-23 06:41:10 +0545


Started GET "/assets/bootstrap/scrollspy.js?body=1" for 127.0.0.1 at 2014-09-23 06:41:10 +0545


Started GET "/assets/bootstrap/tooltip.js?body=1" for 127.0.0.1 at 2014-09-23 06:41:10 +0545


Started GET "/assets/bootstrap/modal.js?body=1" for 127.0.0.1 at 2014-09-23 06:41:10 +0545


Started GET "/assets/bootstrap/popover.js?body=1" for 127.0.0.1 at 2014-09-23 06:41:10 +0545


Started GET "/assets/application.js?body=1" for 127.0.0.1 at 2014-09-23 06:41:10 +0545


Started GET "/assets/bootstrap-sprockets.js?body=1" for 127.0.0.1 at 2014-09-23 06:41:10 +0545


Started GET "/" for 127.0.0.1 at 2014-09-23 06:41:18 +0545
Processing by SiteController#home as HTML
  Rendered site/home.html.erb within layouts/application (0.8ms)
Completed 200 OK in 185ms (Views: 184.1ms | ActiveRecord: 0.0ms)


Started GET "/stylesheets/bootstrap.css" for 127.0.0.1 at 2014-09-23 06:41:18 +0545

ActionController::RoutingError (No route matches [GET] "/stylesheets/bootstrap.css"):
  actionpack (4.1.1) lib/action_dispatch/middleware/debug_exceptions.rb:21:in `call'
  actionpack (4.1.1) lib/action_dispatch/middleware/show_exceptions.rb:30:in `call'
  railties (4.1.1) lib/rails/rack/logger.rb:38:in `call_app'
  railties (4.1.1) lib/rails/rack/logger.rb:20:in `block in call'
  activesupport (4.1.1) lib/active_support/tagged_logging.rb:68:in `block in tagged'
  activesupport (4.1.1) lib/active_support/tagged_logging.rb:26:in `tagged'
  activesupport (4.1.1) lib/active_support/tagged_logging.rb:68:in `tagged'
  railties (4.1.1) lib/rails/rack/logger.rb:20:in `call'
  actionpack (4.1.1) lib/action_dispatch/middleware/request_id.rb:21:in `call'
  rack (1.5.2) lib/rack/methodoverride.rb:21:in `call'
  rack (1.5.2) lib/rack/runtime.rb:17:in `call'
  activesupport (4.1.1) lib/active_support/cache/strategy/local_cache_middleware.rb:26:in `call'
  rack (1.5.2) lib/rack/lock.rb:17:in `call'
  actionpack (4.1.1) lib/action_dispatch/middleware/static.rb:64:in `call'
  rack (1.5.2) lib/rack/sendfile.rb:112:in `call'
  railties (4.1.1) lib/rails/engine.rb:514:in `call'
  railties (4.1.1) lib/rails/application.rb:144:in `call'
  rack (1.5.2) lib/rack/lock.rb:17:in `call'
  rack (1.5.2) lib/rack/content_length.rb:14:in `call'
  rack (1.5.2) lib/rack/handler/webrick.rb:60:in `service'
  /home/bishisht/.rvm/rubies/ruby-2.1.2/lib/ruby/2.1.0/webrick/httpserver.rb:138:in `service'
  /home/bishisht/.rvm/rubies/ruby-2.1.2/lib/ruby/2.1.0/webrick/httpserver.rb:94:in `run'
  /home/bishisht/.rvm/rubies/ruby-2.1.2/lib/ruby/2.1.0/webrick/server.rb:295:in `block in start_thread'


  Rendered /home/bishisht/.rvm/gems/ruby-2.1.2/gems/actionpack-4.1.1/lib/action_dispatch/middleware/templates/rescues/_trace.html.erb (1.8ms)
  Rendered /home/bishisht/.rvm/gems/ruby-2.1.2/gems/actionpack-4.1.1/lib/action_dispatch/middleware/templates/routes/_route.html.erb (1.4ms)
  Rendered /home/bishisht/.rvm/gems/ruby-2.1.2/gems/actionpack-4.1.1/lib/action_dispatch/middleware/templates/routes/_table.html.erb (1.7ms)
  Rendered /home/bishisht/.rvm/gems/ruby-2.1.2/gems/actionpack-4.1.1/lib/action_dispatch/middleware/templates/rescues/routing_error.html.erb within rescues/layout (31.7ms)


Started GET "/assets/jquery_ujs.js?body=1" for 127.0.0.1 at 2014-09-23 06:41:18 +0545


Started GET "/assets/jquery.js?body=1" for 127.0.0.1 at 2014-09-23 06:41:18 +0545


Started GET "/assets/turbolinks.js?body=1" for 127.0.0.1 at 2014-09-23 06:41:18 +0545


Started GET "/assets/bootstrap/affix.js?body=1" for 127.0.0.1 at 2014-09-23 06:41:18 +0545


Started GET "/assets/site.js?body=1" for 127.0.0.1 at 2014-09-23 06:41:18 +0545


Started GET "/assets/bootstrap/alert.js?body=1" for 127.0.0.1 at 2014-09-23 06:41:18 +0545


Started GET "/assets/bootstrap/carousel.js?body=1" for 127.0.0.1 at 2014-09-23 06:41:18 +0545


Started GET "/assets/bootstrap/button.js?body=1" for 127.0.0.1 at 2014-09-23 06:41:18 +0545


Started GET "/assets/bootstrap/collapse.js?body=1" for 127.0.0.1 at 2014-09-23 06:41:18 +0545


Started GET "/assets/bootstrap/tab.js?body=1" for 127.0.0.1 at 2014-09-23 06:41:18 +0545


Started GET "/assets/bootstrap/dropdown.js?body=1" for 127.0.0.1 at 2014-09-23 06:41:18 +0545


Started GET "/assets/bootstrap/transition.js?body=1" for 127.0.0.1 at 2014-09-23 06:41:19 +0545


Started GET "/assets/bootstrap/modal.js?body=1" for 127.0.0.1 at 2014-09-23 06:41:19 +0545


Started GET "/assets/bootstrap/scrollspy.js?body=1" for 127.0.0.1 at 2014-09-23 06:41:19 +0545


Started GET "/assets/bootstrap/tooltip.js?body=1" for 127.0.0.1 at 2014-09-23 06:41:19 +0545


Started GET "/assets/bootstrap-sprockets.js?body=1" for 127.0.0.1 at 2014-09-23 06:41:19 +0545


Started GET "/assets/bootstrap/popover.js?body=1" for 127.0.0.1 at 2014-09-23 06:41:19 +0545


Started GET "/assets/application.js?body=1" for 127.0.0.1 at 2014-09-23 06:41:19 +0545


Started GET "/" for 127.0.0.1 at 2014-09-23 06:41:40 +0545
Processing by SiteController#home as HTML
  Rendered site/home.html.erb within layouts/application (0.1ms)
Completed 200 OK in 177ms (Views: 175.6ms | ActiveRecord: 0.0ms)


Started GET "/stylesheets/bootstrap.css" for 127.0.0.1 at 2014-09-23 06:41:40 +0545

ActionController::RoutingError (No route matches [GET] "/stylesheets/bootstrap.css"):
  actionpack (4.1.1) lib/action_dispatch/middleware/debug_exceptions.rb:21:in `call'
  actionpack (4.1.1) lib/action_dispatch/middleware/show_exceptions.rb:30:in `call'
  railties (4.1.1) lib/rails/rack/logger.rb:38:in `call_app'
  railties (4.1.1) lib/rails/rack/logger.rb:20:in `block in call'
  activesupport (4.1.1) lib/active_support/tagged_logging.rb:68:in `block in tagged'
  activesupport (4.1.1) lib/active_support/tagged_logging.rb:26:in `tagged'
  activesupport (4.1.1) lib/active_support/tagged_logging.rb:68:in `tagged'
  railties (4.1.1) lib/rails/rack/logger.rb:20:in `call'
  actionpack (4.1.1) lib/action_dispatch/middleware/request_id.rb:21:in `call'
  rack (1.5.2) lib/rack/methodoverride.rb:21:in `call'
  rack (1.5.2) lib/rack/runtime.rb:17:in `call'
  activesupport (4.1.1) lib/active_support/cache/strategy/local_cache_middleware.rb:26:in `call'
  rack (1.5.2) lib/rack/lock.rb:17:in `call'
  actionpack (4.1.1) lib/action_dispatch/middleware/static.rb:64:in `call'
  rack (1.5.2) lib/rack/sendfile.rb:112:in `call'
  railties (4.1.1) lib/rails/engine.rb:514:in `call'
  railties (4.1.1) lib/rails/application.rb:144:in `call'
  rack (1.5.2) lib/rack/lock.rb:17:in `call'
  rack (1.5.2) lib/rack/content_length.rb:14:in `call'
  rack (1.5.2) lib/rack/handler/webrick.rb:60:in `service'
  /home/bishisht/.rvm/rubies/ruby-2.1.2/lib/ruby/2.1.0/webrick/httpserver.rb:138:in `service'
  /home/bishisht/.rvm/rubies/ruby-2.1.2/lib/ruby/2.1.0/webrick/httpserver.rb:94:in `run'
  /home/bishisht/.rvm/rubies/ruby-2.1.2/lib/ruby/2.1.0/webrick/server.rb:295:in `block in start_thread'


  Rendered /home/bishisht/.rvm/gems/ruby-2.1.2/gems/actionpack-4.1.1/lib/action_dispatch/middleware/templates/rescues/_trace.html.erb (2.2ms)
  Rendered /home/bishisht/.rvm/gems/ruby-2.1.2/gems/actionpack-4.1.1/lib/action_dispatch/middleware/templates/routes/_route.html.erb (1.7ms)
  Rendered /home/bishisht/.rvm/gems/ruby-2.1.2/gems/actionpack-4.1.1/lib/action_dispatch/middleware/templates/routes/_table.html.erb (2.2ms)
  Rendered /home/bishisht/.rvm/gems/ruby-2.1.2/gems/actionpack-4.1.1/lib/action_dispatch/middleware/templates/rescues/routing_error.html.erb within rescues/layout (28.8ms)


Started GET "/assets/jquery_ujs.js?body=1" for 127.0.0.1 at 2014-09-23 06:41:40 +0545


Started GET "/assets/turbolinks.js?body=1" for 127.0.0.1 at 2014-09-23 06:41:40 +0545


Started GET "/assets/jquery.js?body=1" for 127.0.0.1 at 2014-09-23 06:41:40 +0545


Started GET "/assets/bootstrap/affix.js?body=1" for 127.0.0.1 at 2014-09-23 06:41:40 +0545


Started GET "/assets/bootstrap/alert.js?body=1" for 127.0.0.1 at 2014-09-23 06:41:40 +0545


Started GET "/assets/site.js?body=1" for 127.0.0.1 at 2014-09-23 06:41:40 +0545


Started GET "/assets/bootstrap/carousel.js?body=1" for 127.0.0.1 at 2014-09-23 06:41:40 +0545


Started GET "/assets/bootstrap/collapse.js?body=1" for 127.0.0.1 at 2014-09-23 06:41:40 +0545


Started GET "/assets/bootstrap/button.js?body=1" for 127.0.0.1 at 2014-09-23 06:41:40 +0545


Started GET "/assets/bootstrap/tab.js?body=1" for 127.0.0.1 at 2014-09-23 06:41:40 +0545


Started GET "/assets/bootstrap/transition.js?body=1" for 127.0.0.1 at 2014-09-23 06:41:40 +0545


Started GET "/assets/bootstrap/dropdown.js?body=1" for 127.0.0.1 at 2014-09-23 06:41:40 +0545


Started GET "/assets/bootstrap/modal.js?body=1" for 127.0.0.1 at 2014-09-23 06:41:40 +0545


Started GET "/assets/bootstrap/tooltip.js?body=1" for 127.0.0.1 at 2014-09-23 06:41:40 +0545


Started GET "/assets/bootstrap/scrollspy.js?body=1" for 127.0.0.1 at 2014-09-23 06:41:40 +0545


Started GET "/assets/bootstrap-sprockets.js?body=1" for 127.0.0.1 at 2014-09-23 06:41:40 +0545


Started GET "/assets/application.js?body=1" for 127.0.0.1 at 2014-09-23 06:41:40 +0545


Started GET "/assets/bootstrap/popover.js?body=1" for 127.0.0.1 at 2014-09-23 06:41:40 +0545


Started GET "/" for 127.0.0.1 at 2014-09-23 06:42:46 +0545
Processing by SiteController#home as HTML
  Rendered site/home.html.erb within layouts/application (0.1ms)
Completed 200 OK in 177ms (Views: 176.4ms | ActiveRecord: 0.0ms)


Started GET "/stylesheets/bootstrap.css" for 127.0.0.1 at 2014-09-23 06:42:47 +0545

ActionController::RoutingError (No route matches [GET] "/stylesheets/bootstrap.css"):
  actionpack (4.1.1) lib/action_dispatch/middleware/debug_exceptions.rb:21:in `call'
  actionpack (4.1.1) lib/action_dispatch/middleware/show_exceptions.rb:30:in `call'
  railties (4.1.1) lib/rails/rack/logger.rb:38:in `call_app'
  railties (4.1.1) lib/rails/rack/logger.rb:20:in `block in call'
  activesupport (4.1.1) lib/active_support/tagged_logging.rb:68:in `block in tagged'
  activesupport (4.1.1) lib/active_support/tagged_logging.rb:26:in `tagged'
  activesupport (4.1.1) lib/active_support/tagged_logging.rb:68:in `tagged'
  railties (4.1.1) lib/rails/rack/logger.rb:20:in `call'
  actionpack (4.1.1) lib/action_dispatch/middleware/request_id.rb:21:in `call'
  rack (1.5.2) lib/rack/methodoverride.rb:21:in `call'
  rack (1.5.2) lib/rack/runtime.rb:17:in `call'
  activesupport (4.1.1) lib/active_support/cache/strategy/local_cache_middleware.rb:26:in `call'
  rack (1.5.2) lib/rack/lock.rb:17:in `call'
  actionpack (4.1.1) lib/action_dispatch/middleware/static.rb:64:in `call'
  rack (1.5.2) lib/rack/sendfile.rb:112:in `call'
  railties (4.1.1) lib/rails/engine.rb:514:in `call'
  railties (4.1.1) lib/rails/application.rb:144:in `call'
  rack (1.5.2) lib/rack/lock.rb:17:in `call'
  rack (1.5.2) lib/rack/content_length.rb:14:in `call'
  rack (1.5.2) lib/rack/handler/webrick.rb:60:in `service'
  /home/bishisht/.rvm/rubies/ruby-2.1.2/lib/ruby/2.1.0/webrick/httpserver.rb:138:in `service'
  /home/bishisht/.rvm/rubies/ruby-2.1.2/lib/ruby/2.1.0/webrick/httpserver.rb:94:in `run'
  /home/bishisht/.rvm/rubies/ruby-2.1.2/lib/ruby/2.1.0/webrick/server.rb:295:in `block in start_thread'


  Rendered /home/bishisht/.rvm/gems/ruby-2.1.2/gems/actionpack-4.1.1/lib/action_dispatch/middleware/templates/rescues/_trace.html.erb (1.8ms)
  Rendered /home/bishisht/.rvm/gems/ruby-2.1.2/gems/actionpack-4.1.1/lib/action_dispatch/middleware/templates/routes/_route.html.erb (1.4ms)
  Rendered /home/bishisht/.rvm/gems/ruby-2.1.2/gems/actionpack-4.1.1/lib/action_dispatch/middleware/templates/routes/_table.html.erb (1.5ms)
  Rendered /home/bishisht/.rvm/gems/ruby-2.1.2/gems/actionpack-4.1.1/lib/action_dispatch/middleware/templates/rescues/routing_error.html.erb within rescues/layout (23.7ms)


Started GET "/assets/jquery.js?body=1" for 127.0.0.1 at 2014-09-23 06:42:47 +0545


Started GET "/assets/turbolinks.js?body=1" for 127.0.0.1 at 2014-09-23 06:42:47 +0545


Started GET "/assets/bootstrap/affix.js?body=1" for 127.0.0.1 at 2014-09-23 06:42:47 +0545


Started GET "/assets/site.js?body=1" for 127.0.0.1 at 2014-09-23 06:42:47 +0545


Started GET "/assets/jquery_ujs.js?body=1" for 127.0.0.1 at 2014-09-23 06:42:47 +0545


Started GET "/assets/bootstrap/alert.js?body=1" for 127.0.0.1 at 2014-09-23 06:42:47 +0545


Started GET "/assets/bootstrap/carousel.js?body=1" for 127.0.0.1 at 2014-09-23 06:42:47 +0545


Started GET "/assets/bootstrap/button.js?body=1" for 127.0.0.1 at 2014-09-23 06:42:47 +0545


Started GET "/assets/bootstrap/collapse.js?body=1" for 127.0.0.1 at 2014-09-23 06:42:47 +0545


Started GET "/assets/bootstrap/tab.js?body=1" for 127.0.0.1 at 2014-09-23 06:42:47 +0545


Started GET "/assets/bootstrap/dropdown.js?body=1" for 127.0.0.1 at 2014-09-23 06:42:47 +0545


Started GET "/assets/bootstrap/transition.js?body=1" for 127.0.0.1 at 2014-09-23 06:42:47 +0545


Started GET "/assets/bootstrap/modal.js?body=1" for 127.0.0.1 at 2014-09-23 06:42:47 +0545


Started GET "/assets/bootstrap/scrollspy.js?body=1" for 127.0.0.1 at 2014-09-23 06:42:47 +0545


Started GET "/assets/bootstrap/tooltip.js?body=1" for 127.0.0.1 at 2014-09-23 06:42:47 +0545


Started GET "/assets/bootstrap-sprockets.js?body=1" for 127.0.0.1 at 2014-09-23 06:42:47 +0545


Started GET "/assets/bootstrap/popover.js?body=1" for 127.0.0.1 at 2014-09-23 06:42:47 +0545


Started GET "/assets/application.js?body=1" for 127.0.0.1 at 2014-09-23 06:42:47 +0545


Started GET "/" for 127.0.0.1 at 2014-09-23 06:43:13 +0545
Processing by SiteController#home as HTML
  Rendered site/home.html.erb within layouts/application (3.8ms)
Completed 200 OK in 214ms (Views: 212.8ms | ActiveRecord: 0.0ms)


Started GET "/stylesheets/bootstrap.css" for 127.0.0.1 at 2014-09-23 06:43:13 +0545

ActionController::RoutingError (No route matches [GET] "/stylesheets/bootstrap.css"):
  actionpack (4.1.1) lib/action_dispatch/middleware/debug_exceptions.rb:21:in `call'
  actionpack (4.1.1) lib/action_dispatch/middleware/show_exceptions.rb:30:in `call'
  railties (4.1.1) lib/rails/rack/logger.rb:38:in `call_app'
  railties (4.1.1) lib/rails/rack/logger.rb:20:in `block in call'
  activesupport (4.1.1) lib/active_support/tagged_logging.rb:68:in `block in tagged'
  activesupport (4.1.1) lib/active_support/tagged_logging.rb:26:in `tagged'
  activesupport (4.1.1) lib/active_support/tagged_logging.rb:68:in `tagged'
  railties (4.1.1) lib/rails/rack/logger.rb:20:in `call'
  actionpack (4.1.1) lib/action_dispatch/middleware/request_id.rb:21:in `call'
  rack (1.5.2) lib/rack/methodoverride.rb:21:in `call'
  rack (1.5.2) lib/rack/runtime.rb:17:in `call'
  activesupport (4.1.1) lib/active_support/cache/strategy/local_cache_middleware.rb:26:in `call'
  rack (1.5.2) lib/rack/lock.rb:17:in `call'
  actionpack (4.1.1) lib/action_dispatch/middleware/static.rb:64:in `call'
  rack (1.5.2) lib/rack/sendfile.rb:112:in `call'
  railties (4.1.1) lib/rails/engine.rb:514:in `call'
  railties (4.1.1) lib/rails/application.rb:144:in `call'
  rack (1.5.2) lib/rack/lock.rb:17:in `call'
  rack (1.5.2) lib/rack/content_length.rb:14:in `call'
  rack (1.5.2) lib/rack/handler/webrick.rb:60:in `service'
  /home/bishisht/.rvm/rubies/ruby-2.1.2/lib/ruby/2.1.0/webrick/httpserver.rb:138:in `service'
  /home/bishisht/.rvm/rubies/ruby-2.1.2/lib/ruby/2.1.0/webrick/httpserver.rb:94:in `run'
  /home/bishisht/.rvm/rubies/ruby-2.1.2/lib/ruby/2.1.0/webrick/server.rb:295:in `block in start_thread'


  Rendered /home/bishisht/.rvm/gems/ruby-2.1.2/gems/actionpack-4.1.1/lib/action_dispatch/middleware/templates/rescues/_trace.html.erb (1.8ms)
  Rendered /home/bishisht/.rvm/gems/ruby-2.1.2/gems/actionpack-4.1.1/lib/action_dispatch/middleware/templates/routes/_route.html.erb (1.4ms)
  Rendered /home/bishisht/.rvm/gems/ruby-2.1.2/gems/actionpack-4.1.1/lib/action_dispatch/middleware/templates/routes/_table.html.erb (1.6ms)
  Rendered /home/bishisht/.rvm/gems/ruby-2.1.2/gems/actionpack-4.1.1/lib/action_dispatch/middleware/templates/rescues/routing_error.html.erb within rescues/layout (24.9ms)


Started GET "/assets/jquery_ujs.js?body=1" for 127.0.0.1 at 2014-09-23 06:43:13 +0545


Started GET "/assets/jquery.js?body=1" for 127.0.0.1 at 2014-09-23 06:43:13 +0545


Started GET "/assets/turbolinks.js?body=1" for 127.0.0.1 at 2014-09-23 06:43:13 +0545


Started GET "/assets/bootstrap/affix.js?body=1" for 127.0.0.1 at 2014-09-23 06:43:13 +0545


Started GET "/assets/site.js?body=1" for 127.0.0.1 at 2014-09-23 06:43:13 +0545


Started GET "/assets/bootstrap/alert.js?body=1" for 127.0.0.1 at 2014-09-23 06:43:13 +0545


Started GET "/assets/bootstrap/carousel.js?body=1" for 127.0.0.1 at 2014-09-23 06:43:13 +0545


Started GET "/assets/bootstrap/button.js?body=1" for 127.0.0.1 at 2014-09-23 06:43:13 +0545


Started GET "/assets/bootstrap/collapse.js?body=1" for 127.0.0.1 at 2014-09-23 06:43:13 +0545


Started GET "/assets/bootstrap/tab.js?body=1" for 127.0.0.1 at 2014-09-23 06:43:13 +0545


Started GET "/assets/bootstrap/dropdown.js?body=1" for 127.0.0.1 at 2014-09-23 06:43:13 +0545


Started GET "/assets/bootstrap/transition.js?body=1" for 127.0.0.1 at 2014-09-23 06:43:13 +0545


Started GET "/assets/bootstrap/modal.js?body=1" for 127.0.0.1 at 2014-09-23 06:43:13 +0545


Started GET "/assets/bootstrap/scrollspy.js?body=1" for 127.0.0.1 at 2014-09-23 06:43:13 +0545


Started GET "/assets/bootstrap/tooltip.js?body=1" for 127.0.0.1 at 2014-09-23 06:43:13 +0545


Started GET "/assets/bootstrap-sprockets.js?body=1" for 127.0.0.1 at 2014-09-23 06:43:13 +0545


Started GET "/assets/bootstrap/popover.js?body=1" for 127.0.0.1 at 2014-09-23 06:43:13 +0545


Started GET "/assets/application.js?body=1" for 127.0.0.1 at 2014-09-23 06:43:13 +0545


Started GET "/" for 127.0.0.1 at 2014-09-23 06:43:15 +0545
Processing by SiteController#home as HTML
  Rendered site/home.html.erb within layouts/application (1.0ms)
Completed 200 OK in 202ms (Views: 200.6ms | ActiveRecord: 0.0ms)


Started GET "/site/about" for 127.0.0.1 at 2014-09-23 06:43:16 +0545
Processing by SiteController#about as HTML
  Rendered site/about.html.erb within layouts/application (0.5ms)
Completed 200 OK in 180ms (Views: 179.3ms | ActiveRecord: 0.0ms)


Started GET "/site/faq" for 127.0.0.1 at 2014-09-23 06:43:23 +0545
Processing by SiteController#faq as HTML
  Rendered site/faq.html.erb within layouts/application (0.9ms)
Completed 200 OK in 183ms (Views: 182.1ms | ActiveRecord: 0.0ms)


Started GET "/site/faq" for 127.0.0.1 at 2014-09-23 06:43:55 +0545
Processing by SiteController#faq as HTML
  Rendered site/faq.html.erb within layouts/application (0.8ms)
Completed 200 OK in 187ms (Views: 186.0ms | ActiveRecord: 0.0ms)


Started GET "/stylesheets/bootstrap.css" for 127.0.0.1 at 2014-09-23 06:43:55 +0545

ActionController::RoutingError (No route matches [GET] "/stylesheets/bootstrap.css"):
  actionpack (4.1.1) lib/action_dispatch/middleware/debug_exceptions.rb:21:in `call'
  actionpack (4.1.1) lib/action_dispatch/middleware/show_exceptions.rb:30:in `call'
  railties (4.1.1) lib/rails/rack/logger.rb:38:in `call_app'
  railties (4.1.1) lib/rails/rack/logger.rb:20:in `block in call'
  activesupport (4.1.1) lib/active_support/tagged_logging.rb:68:in `block in tagged'
  activesupport (4.1.1) lib/active_support/tagged_logging.rb:26:in `tagged'
  activesupport (4.1.1) lib/active_support/tagged_logging.rb:68:in `tagged'
  railties (4.1.1) lib/rails/rack/logger.rb:20:in `call'
  actionpack (4.1.1) lib/action_dispatch/middleware/request_id.rb:21:in `call'
  rack (1.5.2) lib/rack/methodoverride.rb:21:in `call'
  rack (1.5.2) lib/rack/runtime.rb:17:in `call'
  activesupport (4.1.1) lib/active_support/cache/strategy/local_cache_middleware.rb:26:in `call'
  rack (1.5.2) lib/rack/lock.rb:17:in `call'
  actionpack (4.1.1) lib/action_dispatch/middleware/static.rb:64:in `call'
  rack (1.5.2) lib/rack/sendfile.rb:112:in `call'
  railties (4.1.1) lib/rails/engine.rb:514:in `call'
  railties (4.1.1) lib/rails/application.rb:144:in `call'
  rack (1.5.2) lib/rack/lock.rb:17:in `call'
  rack (1.5.2) lib/rack/content_length.rb:14:in `call'
  rack (1.5.2) lib/rack/handler/webrick.rb:60:in `service'
  /home/bishisht/.rvm/rubies/ruby-2.1.2/lib/ruby/2.1.0/webrick/httpserver.rb:138:in `service'
  /home/bishisht/.rvm/rubies/ruby-2.1.2/lib/ruby/2.1.0/webrick/httpserver.rb:94:in `run'
  /home/bishisht/.rvm/rubies/ruby-2.1.2/lib/ruby/2.1.0/webrick/server.rb:295:in `block in start_thread'


  Rendered /home/bishisht/.rvm/gems/ruby-2.1.2/gems/actionpack-4.1.1/lib/action_dispatch/middleware/templates/rescues/_trace.html.erb (2.0ms)
  Rendered /home/bishisht/.rvm/gems/ruby-2.1.2/gems/actionpack-4.1.1/lib/action_dispatch/middleware/templates/routes/_route.html.erb (2.1ms)
  Rendered /home/bishisht/.rvm/gems/ruby-2.1.2/gems/actionpack-4.1.1/lib/action_dispatch/middleware/templates/routes/_table.html.erb (1.6ms)
  Rendered /home/bishisht/.rvm/gems/ruby-2.1.2/gems/actionpack-4.1.1/lib/action_dispatch/middleware/templates/rescues/routing_error.html.erb within rescues/layout (26.8ms)


Started GET "/assets/jquery.js?body=1" for 127.0.0.1 at 2014-09-23 06:43:55 +0545


Started GET "/assets/turbolinks.js?body=1" for 127.0.0.1 at 2014-09-23 06:43:55 +0545


Started GET "/assets/bootstrap/affix.js?body=1" for 127.0.0.1 at 2014-09-23 06:43:55 +0545


Started GET "/assets/jquery_ujs.js?body=1" for 127.0.0.1 at 2014-09-23 06:43:55 +0545


Started GET "/assets/site.js?body=1" for 127.0.0.1 at 2014-09-23 06:43:55 +0545


Started GET "/assets/bootstrap/alert.js?body=1" for 127.0.0.1 at 2014-09-23 06:43:55 +0545


Started GET "/assets/bootstrap/button.js?body=1" for 127.0.0.1 at 2014-09-23 06:43:55 +0545


Started GET "/assets/bootstrap/carousel.js?body=1" for 127.0.0.1 at 2014-09-23 06:43:55 +0545


Started GET "/assets/bootstrap/collapse.js?body=1" for 127.0.0.1 at 2014-09-23 06:43:55 +0545


Started GET "/assets/bootstrap/dropdown.js?body=1" for 127.0.0.1 at 2014-09-23 06:43:55 +0545


Started GET "/assets/bootstrap/tab.js?body=1" for 127.0.0.1 at 2014-09-23 06:43:55 +0545


Started GET "/assets/bootstrap/transition.js?body=1" for 127.0.0.1 at 2014-09-23 06:43:55 +0545


Started GET "/assets/bootstrap/scrollspy.js?body=1" for 127.0.0.1 at 2014-09-23 06:43:55 +0545


Started GET "/assets/bootstrap/modal.js?body=1" for 127.0.0.1 at 2014-09-23 06:43:55 +0545


Started GET "/assets/bootstrap/tooltip.js?body=1" for 127.0.0.1 at 2014-09-23 06:43:55 +0545


Started GET "/assets/bootstrap/popover.js?body=1" for 127.0.0.1 at 2014-09-23 06:43:55 +0545


Started GET "/assets/bootstrap-sprockets.js?body=1" for 127.0.0.1 at 2014-09-23 06:43:55 +0545


Started GET "/assets/application.js?body=1" for 127.0.0.1 at 2014-09-23 06:43:55 +0545


Started GET "/site/about" for 127.0.0.1 at 2014-09-23 06:43:56 +0545
Processing by SiteController#about as HTML
  Rendered site/about.html.erb within layouts/application (0.6ms)
Completed 200 OK in 184ms (Views: 182.5ms | ActiveRecord: 0.0ms)
  [1m[36m (343.5ms)[0m  [1mCREATE TABLE "schema_migrations" ("version" varchar(255) NOT NULL) [0m
  [1m[35m (0.3ms)[0m  select sqlite_version(*)
  [1m[36m (165.3ms)[0m  [1mCREATE UNIQUE INDEX "unique_schema_migrations" ON "schema_migrations" ("version")[0m
  [1m[35mActiveRecord::SchemaMigration Load (0.4ms)[0m  SELECT "schema_migrations".* FROM "schema_migrations"
Migrating to CreateUsers (20140923005914)
  [1m[36m (0.1ms)[0m  [1mbegin transaction[0m
  [1m[35m (0.6ms)[0m  CREATE TABLE "users" ("id" INTEGER PRIMARY KEY AUTOINCREMENT NOT NULL, "created_at" datetime, "updated_at" datetime) 
  [1m[36mSQL (0.2ms)[0m  [1mINSERT INTO "schema_migrations" ("version") VALUES (?)[0m  [["version", "20140923005914"]]
  [1m[35m (205.6ms)[0m  commit transaction
  [1m[36mActiveRecord::SchemaMigration Load (0.1ms)[0m  [1mSELECT "schema_migrations".* FROM "schema_migrations"[0m
  [1m[36mActiveRecord::SchemaMigration Load (0.1ms)[0m  [1mSELECT "schema_migrations".* FROM "schema_migrations"[0m
Migrating to CreatePackages (20140923010131)
  [1m[35m (0.1ms)[0m  begin transaction
  [1m[36m (0.5ms)[0m  [1mCREATE TABLE "packages" ("id" INTEGER PRIMARY KEY AUTOINCREMENT NOT NULL, "title" varchar(255), "price" varchar(255), "description" text, "created_at" datetime, "updated_at" datetime) [0m
  [1m[35mSQL (0.2ms)[0m  INSERT INTO "schema_migrations" ("version") VALUES (?)  [["version", "20140923010131"]]
  [1m[36m (195.6ms)[0m  [1mcommit transaction[0m
  [1m[35mActiveRecord::SchemaMigration Load (0.3ms)[0m  SELECT "schema_migrations".* FROM "schema_migrations"


Started GET "/site/about" for 127.0.0.1 at 2014-09-23 06:46:49 +0545
  [1m[36mActiveRecord::SchemaMigration Load (0.2ms)[0m  [1mSELECT "schema_migrations".* FROM "schema_migrations"[0m
Processing by SiteController#about as HTML
  Rendered site/about.html.erb within layouts/application (1.4ms)
Completed 500 Internal Server Error in 74ms

ActionView::Template::Error (couldn't find file 'bootstrap-sprockets'
  (in /home/bishisht/work/assembly/visitmee/app/assets/javascripts/application.js:19)):
    3: <head>
    4:   <title>Visitmee</title>
    5:   <%= stylesheet_link_tag    'bootstrap',  media: 'all', 'data-turbolinks-track' => true %>
    6:   <%= javascript_include_tag 'application', 'data-turbolinks-track' => true %>
    7:   <%= csrf_meta_tags %>
    8: </head>
    9: <body>
  app/views/layouts/application.html.erb:6:in `_app_views_layouts_application_html_erb___720445662__619932218'


  Rendered /home/bishisht/.rvm/gems/ruby-2.1.2/gems/actionpack-4.1.1/lib/action_dispatch/middleware/templates/rescues/_trace.html.erb (2.2ms)
  Rendered /home/bishisht/.rvm/gems/ruby-2.1.2/gems/actionpack-4.1.1/lib/action_dispatch/middleware/templates/rescues/_request_and_response.html.erb (1.5ms)
  Rendered /home/bishisht/.rvm/gems/ruby-2.1.2/gems/actionpack-4.1.1/lib/action_dispatch/middleware/templates/rescues/template_error.html.erb within rescues/layout (16.7ms)


Started GET "/site/about" for 127.0.0.1 at 2014-09-23 06:47:28 +0545
Processing by SiteController#about as HTML
  Rendered site/about.html.erb within layouts/application (0.1ms)
Completed 200 OK in 297ms (Views: 296.3ms | ActiveRecord: 0.0ms)


Started GET "/stylesheets/bootstrap.css" for 127.0.0.1 at 2014-09-23 06:47:28 +0545

ActionController::RoutingError (No route matches [GET] "/stylesheets/bootstrap.css"):
  actionpack (4.1.1) lib/action_dispatch/middleware/debug_exceptions.rb:21:in `call'
  actionpack (4.1.1) lib/action_dispatch/middleware/show_exceptions.rb:30:in `call'
  railties (4.1.1) lib/rails/rack/logger.rb:38:in `call_app'
  railties (4.1.1) lib/rails/rack/logger.rb:20:in `block in call'
  activesupport (4.1.1) lib/active_support/tagged_logging.rb:68:in `block in tagged'
  activesupport (4.1.1) lib/active_support/tagged_logging.rb:26:in `tagged'
  activesupport (4.1.1) lib/active_support/tagged_logging.rb:68:in `tagged'
  railties (4.1.1) lib/rails/rack/logger.rb:20:in `call'
  actionpack (4.1.1) lib/action_dispatch/middleware/request_id.rb:21:in `call'
  rack (1.5.2) lib/rack/methodoverride.rb:21:in `call'
  rack (1.5.2) lib/rack/runtime.rb:17:in `call'
  activesupport (4.1.1) lib/active_support/cache/strategy/local_cache_middleware.rb:26:in `call'
  rack (1.5.2) lib/rack/lock.rb:17:in `call'
  actionpack (4.1.1) lib/action_dispatch/middleware/static.rb:64:in `call'
  rack (1.5.2) lib/rack/sendfile.rb:112:in `call'
  railties (4.1.1) lib/rails/engine.rb:514:in `call'
  railties (4.1.1) lib/rails/application.rb:144:in `call'
  rack (1.5.2) lib/rack/lock.rb:17:in `call'
  rack (1.5.2) lib/rack/content_length.rb:14:in `call'
  rack (1.5.2) lib/rack/handler/webrick.rb:60:in `service'
  /home/bishisht/.rvm/rubies/ruby-2.1.2/lib/ruby/2.1.0/webrick/httpserver.rb:138:in `service'
  /home/bishisht/.rvm/rubies/ruby-2.1.2/lib/ruby/2.1.0/webrick/httpserver.rb:94:in `run'
  /home/bishisht/.rvm/rubies/ruby-2.1.2/lib/ruby/2.1.0/webrick/server.rb:295:in `block in start_thread'


  Rendered /home/bishisht/.rvm/gems/ruby-2.1.2/gems/actionpack-4.1.1/lib/action_dispatch/middleware/templates/rescues/_trace.html.erb (4.0ms)
  Rendered /home/bishisht/.rvm/gems/ruby-2.1.2/gems/actionpack-4.1.1/lib/action_dispatch/middleware/templates/routes/_route.html.erb (2.2ms)
  Rendered /home/bishisht/.rvm/gems/ruby-2.1.2/gems/actionpack-4.1.1/lib/action_dispatch/middleware/templates/routes/_table.html.erb (8.2ms)
  Rendered /home/bishisht/.rvm/gems/ruby-2.1.2/gems/actionpack-4.1.1/lib/action_dispatch/middleware/templates/rescues/routing_error.html.erb within rescues/layout (57.7ms)


Started GET "/assets/jquery.js?body=1" for 127.0.0.1 at 2014-09-23 06:47:28 +0545


Started GET "/assets/turbolinks.js?body=1" for 127.0.0.1 at 2014-09-23 06:47:28 +0545


Started GET "/assets/user.js?body=1" for 127.0.0.1 at 2014-09-23 06:47:28 +0545


Started GET "/assets/jquery_ujs.js?body=1" for 127.0.0.1 at 2014-09-23 06:47:28 +0545


Started GET "/assets/site.js?body=1" for 127.0.0.1 at 2014-09-23 06:47:28 +0545


Started GET "/assets/application.js?body=1" for 127.0.0.1 at 2014-09-23 06:47:28 +0545


Started GET "/" for 127.0.0.1 at 2014-09-23 06:47:31 +0545
Processing by SiteController#home as HTML
  Rendered site/home.html.erb within layouts/application (0.9ms)
Completed 200 OK in 77ms (Views: 75.8ms | ActiveRecord: 0.0ms)


Started GET "/site/about" for 127.0.0.1 at 2014-09-23 06:47:31 +0545
Processing by SiteController#about as HTML
  Rendered site/about.html.erb within layouts/application (1.0ms)
Completed 200 OK in 82ms (Views: 80.8ms | ActiveRecord: 0.0ms)


Started GET "/" for 127.0.0.1 at 2014-09-23 06:47:32 +0545
Processing by SiteController#home as HTML
  Rendered site/home.html.erb within layouts/application (0.1ms)
Completed 200 OK in 104ms (Views: 102.9ms | ActiveRecord: 0.0ms)


Started GET "/site/faq" for 127.0.0.1 at 2014-09-23 06:47:34 +0545
Processing by SiteController#faq as HTML
  Rendered site/faq.html.erb within layouts/application (1.0ms)
Completed 200 OK in 83ms (Views: 81.4ms | ActiveRecord: 0.0ms)


Started GET "/site/about" for 127.0.0.1 at 2014-09-23 06:47:34 +0545
Processing by SiteController#about as HTML
  Rendered site/about.html.erb within layouts/application (0.1ms)
Completed 200 OK in 93ms (Views: 91.8ms | ActiveRecord: 0.0ms)


Started GET "/" for 127.0.0.1 at 2014-09-23 06:47:35 +0545
Processing by SiteController#home as HTML
  Rendered site/home.html.erb within layouts/application (0.1ms)
Completed 200 OK in 79ms (Views: 78.2ms | ActiveRecord: 0.0ms)


Started GET "/site/about" for 127.0.0.1 at 2014-09-23 06:47:53 +0545
Processing by SiteController#about as HTML
  Rendered site/about.html.erb within layouts/application (1.0ms)
Completed 200 OK in 115ms (Views: 114.8ms | ActiveRecord: 0.0ms)


Started GET "/site/faq" for 127.0.0.1 at 2014-09-23 06:48:04 +0545
Processing by SiteController#faq as HTML
  Rendered site/faq.html.erb within layouts/application (0.9ms)
Completed 200 OK in 76ms (Views: 75.0ms | ActiveRecord: 0.0ms)
